DEBUG 2025-11-20 16:08:34.139 [1] RISReportService.util.CommonUtil GetAppConfigValue - ThreadStopTimeoutの設定値。設定値 : 200000
DEBUG 2025-11-20 16:08:34.183 [1] RISReportService.util.CommonUtil GetAppConfigValue - ClientCloseTimeoutの設定値。設定値 : 90000
DEBUG 2025-11-20 16:08:34.186 [1] RISReportService.util.CommonUtil GetAppConfigValue - CommandTimeoutの設定値。設定値 : 30
DEBUG 2025-11-20 16:08:34.188 [1] RISReportService.util.CommonUtil GetAppConfigValue - ThreadSleepTimeの設定値。設定値 : 500
DEBUG 2025-11-20 16:08:34.189 [1] RISReportService.util.CommonUtil GetAppConfigValue - log4netFileDateFormatの設定値。設定値 : yyyyMMdd
DEBUG 2025-11-20 16:08:34.190 [1] RISReportService.util.CommonUtil GetAppConfigValue - log4netFileRegexの設定値。設定値 : ^DoctorNetIFService\.(?<TargetGroup>\d{8})\.log(\.[0-9]*)?$
DEBUG 2025-11-20 16:08:34.192 [1] RISReportService.util.CommonUtil GetAppConfigValue - LogStoreTermの設定値。設定値 : 30
DEBUG 2025-11-20 16:08:34.193 [1] RISReportService.util.CommonUtil GetAppConfigValue - TargetRequestTypeの設定値。設定値 : OP01,OP02
DEBUG 2025-11-20 16:08:34.194 [1] RISReportService.util.CommonUtil GetAppConfigValue - TargetSystemNoの設定値。設定値 : 1
DEBUG 2025-11-20 16:08:34.196 [1] RISReportService.util.CommonUtil GetAppConfigValue - OutputFolderの設定値。設定値 : C:\folder\DoctorNetIFService
DEBUG 2025-11-20 16:08:34.197 [1] RISReportService.util.CommonUtil GetAppConfigValue - RecordCountの設定値。設定値 : 10
DEBUG 2025-11-20 16:08:43.393 [1] RISReportService.util.CommonUtil GetAppConfigValue - ThreadStopTimeoutの設定値。設定値 : 200000
DEBUG 2025-11-20 16:08:43.427 [1] RISReportService.util.CommonUtil GetAppConfigValue - ClientCloseTimeoutの設定値。設定値 : 90000
DEBUG 2025-11-20 16:08:43.428 [1] RISReportService.util.CommonUtil GetAppConfigValue - CommandTimeoutの設定値。設定値 : 30
DEBUG 2025-11-20 16:08:43.430 [1] RISReportService.util.CommonUtil GetAppConfigValue - ThreadSleepTimeの設定値。設定値 : 500
DEBUG 2025-11-20 16:08:43.431 [1] RISReportService.util.CommonUtil GetAppConfigValue - log4netFileDateFormatの設定値。設定値 : yyyyMMdd
DEBUG 2025-11-20 16:08:43.433 [1] RISReportService.util.CommonUtil GetAppConfigValue - log4netFileRegexの設定値。設定値 : ^DoctorNetIFService\.(?<TargetGroup>\d{8})\.log(\.[0-9]*)?$
DEBUG 2025-11-20 16:08:43.434 [1] RISReportService.util.CommonUtil GetAppConfigValue - LogStoreTermの設定値。設定値 : 30
DEBUG 2025-11-20 16:08:43.435 [1] RISReportService.util.CommonUtil GetAppConfigValue - TargetRequestTypeの設定値。設定値 : OP01,OP02
DEBUG 2025-11-20 16:08:43.436 [1] RISReportService.util.CommonUtil GetAppConfigValue - TargetSystemNoの設定値。設定値 : 1
DEBUG 2025-11-20 16:08:43.437 [1] RISReportService.util.CommonUtil GetAppConfigValue - OutputFolderの設定値。設定値 : C:\folder\DoctorNetIFService
DEBUG 2025-11-20 16:08:43.439 [1] RISReportService.util.CommonUtil GetAppConfigValue - RecordCountの設定値。設定値 : 10
DEBUG 2025-11-20 16:08:47.735 [1] DoctorNetIFService.Model.TableInfoWatcher ExcecuteOne - 古いログファイルを削除します
DEBUG 2025-11-20 16:08:48.917 [1] DoctorNetIFService.Model.TableInfoHelper WriteDbCommandLogForLog4net - 
DEBUG 2025-11-20 16:08:48.928 [1] DoctorNetIFService.Model.TableInfoHelper WriteDbCommandLogForLog4net - Index:0,Direction:Input,IsNullable:False,Name:requesttype0,Type:String,Value:OP01
DEBUG 2025-11-20 16:08:48.934 [1] DoctorNetIFService.Model.TableInfoHelper WriteDbCommandLogForLog4net - Index:1,Direction:Input,IsNullable:False,Name:requesttype1,Type:String,Value:OP02
DEBUG 2025-11-20 16:08:48.938 [1] DoctorNetIFService.Model.TableInfoHelper WriteDbCommandLogForLog4net - Index:2,Direction:Input,IsNullable:False,Name:systemno,Type:Int32,Value:1
DEBUG 2025-11-20 16:08:48.941 [1] DoctorNetIFService.Model.TableInfoHelper WriteDbCommandLogForLog4net - Index:3,Direction:Input,IsNullable:False,Name:recordcount,Type:Int32,Value:10
DEBUG 2025-11-20 16:08:49.134 [1] DoctorNetIFService.Model.TableInfoHelper WriteDbCommandLogForLog4net - SELECT   REQUESTID   ,RIS_ID FROM    TOOTHERSYSTEMINFO  WHERE    REQUESTTYPE in (:requesttype0, :requesttype1)  AND    SYSTEMNO  = :systemno  AND    TRANSFERSTATUS = '00'  AND    rownum <= :recordcount     ORDER BY REQUESTID ASC
DEBUG 2025-11-20 16:08:49.136 [1] DoctorNetIFService.Model.TableInfoHelper WriteDbCommandLogForLog4net - Index:0,Direction:Input,IsNullable:False,Name:requesttype0,Type:String,Value:OP01
DEBUG 2025-11-20 16:08:49.138 [1] DoctorNetIFService.Model.TableInfoHelper WriteDbCommandLogForLog4net - Index:1,Direction:Input,IsNullable:False,Name:requesttype1,Type:String,Value:OP02
DEBUG 2025-11-20 16:08:49.140 [1] DoctorNetIFService.Model.TableInfoHelper WriteDbCommandLogForLog4net - Index:2,Direction:Input,IsNullable:False,Name:systemno,Type:Int32,Value:1
DEBUG 2025-11-20 16:08:49.141 [1] DoctorNetIFService.Model.TableInfoHelper WriteDbCommandLogForLog4net - Index:3,Direction:Input,IsNullable:False,Name:recordcount,Type:Int32,Value:10
DEBUG 2025-11-20 16:08:49.694 [1] DoctorNetIFService.Model.TableInfoWatcher ExcecuteOne - 処理を開始します。
DEBUG 2025-11-20 16:08:49.698 [1] DoctorNetIFService.Model.TableInfoWatcher ExcecuteOne - 処理対象件数：1件
DEBUG 2025-11-20 16:08:49.707 [1] DoctorNetIFService.Model.TableInfoHelper WriteDbCommandLogForLog4net - SELECT  COUNT(EM.RIS_ID)  FROM   EXMAINTABLE EM    LEFT JOIN ORDERMAINTABLE OM   ON EM.RIS_ID = OM.RIS_ID   LEFT JOIN EXTENDORDERINFO EO   ON EM.RIS_ID = EO.RIS_ID   LEFT JOIN ORDERINDICATETABLE OI   ON EM.RIS_ID = OI.RIS_ID   LEFT JOIN PATIENTINFO PI   ON EM.KANJA_ID = PI.KANJA_ID   LEFT JOIN EXBUITABLE EB   ON EM.RIS_ID = EB.RIS_ID   LEFT JOIN SECTIONMASTER SM   ON OM.IRAI_SECTION_ID = SM.SECTION_ID   LEFT JOIN KENSATYPEMASTER KTM   ON OM.KENSATYPE_ID = KTM.KENSATYPE_ID   LEFT JOIN BYOUTOUMASTER BTM   ON PI.BYOUTOU_ID = BTM.BYOUTOU_ID   LEFT JOIN HOUKOUMASTER HM   ON EB.HOUKOU_ID = HM.HOUKOU_ID   LEFT JOIN BUIMASTER BM   ON EB.BUI_ID = BM.BUI_ID WHERE  EM.RIS_ID = :ris_id   ORDER BY EB.NO ASC, EB.BUI_ID ASC 
DEBUG 2025-11-20 16:08:49.710 [1] DoctorNetIFService.Model.TableInfoHelper WriteDbCommandLogForLog4net - Index:0,Direction:Input,IsNullable:False,Name:ris_id,Type:String,Value:2018060511064365
DEBUG 2025-11-20 16:08:50.370 [1] DoctorNetIFService.Model.TableInfoHelper WriteDbCommandLogForLog4net - SELECT  EM.RIS_ID  , PI.KANJA_ID  , PI.KANJISIMEI  , PI.KANASIMEI  , PI.ROMASIMEI  , PI.BIRTHDAY  , PI.SEX  , PI.BLOOD  , TRUNC(PI.TALL, 1) as TALL   , PI.WEIGHT  , PI.JUSYO1  , PI.INFECTION  , DECODE(PI.INFECTIONMARK, 1, '+', '-') AS INFECTIONMARK  , PI.CONTRAINDICATION  , DECODE(PI.CONTRAINDICATIONMARK, 1, '+', '-') AS CONTRAINDICATIONMARK  , EM.ENDCOUNT  , OM.ACCESSIONNO  , SM.SECTION_NAME  , OM.IRAI_SECTION_ID  , KTM.KENSATYPE_NAME  , OM.IRAI_DOCTOR_NAME  , OM.IRAI_DOCTOR_NO  , PI.KANJA_NYUGAIKBN  , BTM.BYOUTOU_NAME  , PI.BYOUTOU_ID  , OI.RINSYOU  , OI.KENSA_SIJI  , OI.ORDERCOMMENT_ID  , DECODE(EO.SIKYU_FLG, 1, '1', NULL) AS SIKYU_FLG  , BM.BUI_NAME  , EB.BUI_ID  , EM.KENSA_DATE  , TO_CHAR(EM.EXAMSTARTDATE, 'hh24:mi:ss') as EXAMSTARTDATE  , TO_CHAR(EM.EXAMENDDATE, 'hh24:mi:ss') as EXAMENDDATE  , KTM.MODALITY  , OM.KENSATYPE_ID  , HM.HOUKOU_NAME  , EB.HOUKOU_ID  , OM.STUDYINSTANCEUID  , EM.BIKOU FROM   EXMAINTABLE EM    LEFT JOIN ORDERMAINTABLE OM   ON EM.RIS_ID = OM.RIS_ID   LEFT JOIN EXTENDORDERINFO EO   ON EM.RIS_ID = EO.RIS_ID   LEFT JOIN ORDERINDICATETABLE OI   ON EM.RIS_ID = OI.RIS_ID   LEFT JOIN PATIENTINFO PI   ON EM.KANJA_ID = PI.KANJA_ID   LEFT JOIN EXBUITABLE EB   ON EM.RIS_ID = EB.RIS_ID   LEFT JOIN SECTIONMASTER SM   ON OM.IRAI_SECTION_ID = SM.SECTION_ID   LEFT JOIN KENSATYPEMASTER KTM   ON OM.KENSATYPE_ID = KTM.KENSATYPE_ID   LEFT JOIN BYOUTOUMASTER BTM   ON PI.BYOUTOU_ID = BTM.BYOUTOU_ID   LEFT JOIN HOUKOUMASTER HM   ON EB.HOUKOU_ID = HM.HOUKOU_ID   LEFT JOIN BUIMASTER BM   ON EB.BUI_ID = BM.BUI_ID WHERE  EM.RIS_ID = :ris_id   ORDER BY EB.NO ASC, EB.BUI_ID ASC 
DEBUG 2025-11-20 16:08:50.372 [1] DoctorNetIFService.Model.TableInfoHelper WriteDbCommandLogForLog4net - Index:0,Direction:Input,IsNullable:False,Name:ris_id,Type:String,Value:2018060511064365
DEBUG 2025-11-20 17:12:57.394 [1] RISReportService.util.CommonUtil GetAppConfigValue - ThreadStopTimeoutの設定値。設定値 : 200000
DEBUG 2025-11-20 17:12:57.419 [1] RISReportService.util.CommonUtil GetAppConfigValue - ClientCloseTimeoutの設定値。設定値 : 90000
DEBUG 2025-11-20 17:12:57.421 [1] RISReportService.util.CommonUtil GetAppConfigValue - CommandTimeoutの設定値。設定値 : 30
DEBUG 2025-11-20 17:12:57.423 [1] RISReportService.util.CommonUtil GetAppConfigValue - ThreadSleepTimeの設定値。設定値 : 500
DEBUG 2025-11-20 17:12:57.424 [1] RISReportService.util.CommonUtil GetAppConfigValue - log4netFileDateFormatの設定値。設定値 : yyyyMMdd
DEBUG 2025-11-20 17:12:57.425 [1] RISReportService.util.CommonUtil GetAppConfigValue - log4netFileRegexの設定値。設定値 : ^DoctorNetIFService\.(?<TargetGroup>\d{8})\.log(\.[0-9]*)?$
DEBUG 2025-11-20 17:12:57.426 [1] RISReportService.util.CommonUtil GetAppConfigValue - LogStoreTermの設定値。設定値 : 30
DEBUG 2025-11-20 17:12:57.428 [1] RISReportService.util.CommonUtil GetAppConfigValue - TargetRequestTypeの設定値。設定値 : OP01,OP02
DEBUG 2025-11-20 17:12:57.429 [1] RISReportService.util.CommonUtil GetAppConfigValue - TargetSystemNoの設定値。設定値 : 1
DEBUG 2025-11-20 17:12:57.429 [1] RISReportService.util.CommonUtil GetAppConfigValue - OutputFolderの設定値。設定値 : C:\folder\DoctorNetIFService
DEBUG 2025-11-20 17:12:57.429 [1] RISReportService.util.CommonUtil GetAppConfigValue - RecordCountの設定値。設定値 : 10
DEBUG 2025-11-20 17:13:05.189 [1] DoctorNetIFService.Model.TableInfoWatcher ExcecuteOne - 古いログファイルを削除します
DEBUG 2025-11-20 17:13:06.156 [1] DoctorNetIFService.Model.TableInfoHelper WriteDbCommandLogForLog4net - 
DEBUG 2025-11-20 17:13:06.161 [1] DoctorNetIFService.Model.TableInfoHelper WriteDbCommandLogForLog4net - Index:0,Direction:Input,IsNullable:False,Name:requesttype0,Type:String,Value:OP01
DEBUG 2025-11-20 17:13:06.161 [1] DoctorNetIFService.Model.TableInfoHelper WriteDbCommandLogForLog4net - Index:1,Direction:Input,IsNullable:False,Name:requesttype1,Type:String,Value:OP02
DEBUG 2025-11-20 17:13:06.161 [1] DoctorNetIFService.Model.TableInfoHelper WriteDbCommandLogForLog4net - Index:2,Direction:Input,IsNullable:False,Name:systemno,Type:Int32,Value:1
DEBUG 2025-11-20 17:13:06.172 [1] DoctorNetIFService.Model.TableInfoHelper WriteDbCommandLogForLog4net - Index:3,Direction:Input,IsNullable:False,Name:recordcount,Type:Int32,Value:10
DEBUG 2025-11-20 17:13:06.293 [1] DoctorNetIFService.Model.TableInfoHelper WriteDbCommandLogForLog4net - SELECT   REQUESTID   ,RIS_ID FROM    TOOTHERSYSTEMINFO  WHERE    REQUESTTYPE in (:requesttype0, :requesttype1)  AND    SYSTEMNO  = :systemno  AND    TRANSFERSTATUS = '00'  AND    rownum <= :recordcount     ORDER BY REQUESTID ASC
DEBUG 2025-11-20 17:13:06.293 [1] DoctorNetIFService.Model.TableInfoHelper WriteDbCommandLogForLog4net - Index:0,Direction:Input,IsNullable:False,Name:requesttype0,Type:String,Value:OP01
DEBUG 2025-11-20 17:13:06.293 [1] DoctorNetIFService.Model.TableInfoHelper WriteDbCommandLogForLog4net - Index:1,Direction:Input,IsNullable:False,Name:requesttype1,Type:String,Value:OP02
DEBUG 2025-11-20 17:13:06.302 [1] DoctorNetIFService.Model.TableInfoHelper WriteDbCommandLogForLog4net - Index:2,Direction:Input,IsNullable:False,Name:systemno,Type:Int32,Value:1
DEBUG 2025-11-20 17:13:06.302 [1] DoctorNetIFService.Model.TableInfoHelper WriteDbCommandLogForLog4net - Index:3,Direction:Input,IsNullable:False,Name:recordcount,Type:Int32,Value:10
DEBUG 2025-11-20 17:13:06.896 [1] DoctorNetIFService.Model.TableInfoWatcher ExcecuteOne - 処理を開始します。
DEBUG 2025-11-20 17:13:06.907 [1] DoctorNetIFService.Model.TableInfoWatcher ExcecuteOne - 処理対象件数：1件
DEBUG 2025-11-20 17:13:06.922 [1] DoctorNetIFService.Model.TableInfoHelper WriteDbCommandLogForLog4net - SELECT  COUNT(EM.RIS_ID)  FROM   EXMAINTABLE EM    LEFT JOIN ORDERMAINTABLE OM   ON EM.RIS_ID = OM.RIS_ID   LEFT JOIN EXTENDORDERINFO EO   ON EM.RIS_ID = EO.RIS_ID   LEFT JOIN ORDERINDICATETABLE OI   ON EM.RIS_ID = OI.RIS_ID   LEFT JOIN PATIENTINFO PI   ON EM.KANJA_ID = PI.KANJA_ID   LEFT JOIN EXBUITABLE EB   ON EM.RIS_ID = EB.RIS_ID   LEFT JOIN SECTIONMASTER SM   ON OM.IRAI_SECTION_ID = SM.SECTION_ID   LEFT JOIN KENSATYPEMASTER KTM   ON OM.KENSATYPE_ID = KTM.KENSATYPE_ID   LEFT JOIN BYOUTOUMASTER BTM   ON PI.BYOUTOU_ID = BTM.BYOUTOU_ID   LEFT JOIN HOUKOUMASTER HM   ON EB.HOUKOU_ID = HM.HOUKOU_ID   LEFT JOIN BUIMASTER BM   ON EB.BUI_ID = BM.BUI_ID WHERE  EM.RIS_ID = :ris_id   ORDER BY EB.NO ASC, EB.BUI_ID ASC 
DEBUG 2025-11-20 17:13:06.929 [1] DoctorNetIFService.Model.TableInfoHelper WriteDbCommandLogForLog4net - Index:0,Direction:Input,IsNullable:False,Name:ris_id,Type:String,Value:2018060511064365
DEBUG 2025-11-20 17:13:07.717 [1] DoctorNetIFService.Model.TableInfoHelper WriteDbCommandLogForLog4net - SELECT  EM.RIS_ID  , PI.KANJA_ID  , PI.KANJISIMEI  , PI.KANASIMEI  , PI.ROMASIMEI  , PI.BIRTHDAY  , PI.SEX  , PI.BLOOD  , TRUNC(PI.TALL, 1) as TALL   , PI.WEIGHT  , PI.JUSYO1  , PI.INFECTION  , DECODE(PI.INFECTIONMARK, 1, '+', '-') AS INFECTIONMARK  , PI.CONTRAINDICATION  , DECODE(PI.CONTRAINDICATIONMARK, 1, '+', '-') AS CONTRAINDICATIONMARK  , EM.ENDCOUNT  , OM.ACCESSIONNO  , SM.SECTION_NAME  , OM.IRAI_SECTION_ID  , KTM.KENSATYPE_NAME  , OM.IRAI_DOCTOR_NAME  , OM.IRAI_DOCTOR_NO  , PI.KANJA_NYUGAIKBN  , BTM.BYOUTOU_NAME  , PI.BYOUTOU_ID  , OI.RINSYOU  , OI.KENSA_SIJI  , OI.ORDERCOMMENT_ID  , DECODE(EO.SIKYU_FLG, 1, '1', NULL) AS SIKYU_FLG  , BM.BUI_NAME  , EB.BUI_ID  , EM.KENSA_DATE  , TO_CHAR(EM.EXAMSTARTDATE, 'hh24:mi:ss') as EXAMSTARTDATE  , TO_CHAR(EM.EXAMENDDATE, 'hh24:mi:ss') as EXAMENDDATE  , KTM.MODALITY  , OM.KENSATYPE_ID  , HM.HOUKOU_NAME  , EB.HOUKOU_ID  , OM.STUDYINSTANCEUID  , EM.BIKOU FROM   EXMAINTABLE EM    LEFT JOIN ORDERMAINTABLE OM   ON EM.RIS_ID = OM.RIS_ID   LEFT JOIN EXTENDORDERINFO EO   ON EM.RIS_ID = EO.RIS_ID   LEFT JOIN ORDERINDICATETABLE OI   ON EM.RIS_ID = OI.RIS_ID   LEFT JOIN PATIENTINFO PI   ON EM.KANJA_ID = PI.KANJA_ID   LEFT JOIN EXBUITABLE EB   ON EM.RIS_ID = EB.RIS_ID   LEFT JOIN SECTIONMASTER SM   ON OM.IRAI_SECTION_ID = SM.SECTION_ID   LEFT JOIN KENSATYPEMASTER KTM   ON OM.KENSATYPE_ID = KTM.KENSATYPE_ID   LEFT JOIN BYOUTOUMASTER BTM   ON PI.BYOUTOU_ID = BTM.BYOUTOU_ID   LEFT JOIN HOUKOUMASTER HM   ON EB.HOUKOU_ID = HM.HOUKOU_ID   LEFT JOIN BUIMASTER BM   ON EB.BUI_ID = BM.BUI_ID WHERE  EM.RIS_ID = :ris_id   ORDER BY EB.NO ASC, EB.BUI_ID ASC 
DEBUG 2025-11-20 17:13:07.723 [1] DoctorNetIFService.Model.TableInfoHelper WriteDbCommandLogForLog4net - Index:0,Direction:Input,IsNullable:False,Name:ris_id,Type:String,Value:2018060511064365
DEBUG 2025-11-20 17:15:39.277 [1] DoctorNetIFService.Model.TableInfoHelper WriteDbCommandLogForLog4net - UPDATE TOOTHERSYSTEMINFO SET TRANSFERSTATUS = :transferstatus, TRANSFERDATE = SYSDATE, TRANSFERRESULT = :transferresult, TRANSFERTEXT = :transfertext WHERE requestid = :requestid AND ris_id = :ris_id 
DEBUG 2025-11-20 17:15:39.282 [1] DoctorNetIFService.Model.TableInfoHelper WriteDbCommandLogForLog4net - Index:0,Direction:Input,IsNullable:False,Name:requestid,Type:String,Value:1231
DEBUG 2025-11-20 17:15:39.288 [1] DoctorNetIFService.Model.TableInfoHelper WriteDbCommandLogForLog4net - Index:1,Direction:Input,IsNullable:False,Name:ris_id,Type:String,Value:2018060511064365
DEBUG 2025-11-20 17:15:39.288 [1] DoctorNetIFService.Model.TableInfoHelper WriteDbCommandLogForLog4net - Index:2,Direction:Input,IsNullable:False,Name:transferstatus,Type:String,Value:01
DEBUG 2025-11-20 17:15:39.296 [1] DoctorNetIFService.Model.TableInfoHelper WriteDbCommandLogForLog4net - Index:3,Direction:Input,IsNullable:False,Name:transferresult,Type:String,Value:OK
DEBUG 2025-11-20 17:15:39.298 [1] DoctorNetIFService.Model.TableInfoHelper WriteDbCommandLogForLog4net - Index:4,Direction:Input,IsNullable:False,Name:transfertext,Type:String,Value:0000000001_20180605_CRA_0997447020180605_202511201713.xml
DEBUG 2025-11-20 17:15:39.301 [1] DoctorNetIFService.Model.TableInfoHelper UpdateToOtherSystemInfo - ToOtherSystemInfoテーブル更新します。
DEBUG 2025-11-20 17:15:39.333 [1] DoctorNetIFService.Model.TableInfoHelper UpdateToOtherSystemInfo - ToOtherSystemInfoテーブル更新しました。
